2025.12.10 16:31:40 Config.load INFO: Loading GameServer config.
2025.12.10 16:31:40 Config.load INFO: Loading Rates config.
2025.12.10 16:31:40 Config.load INFO: Loading AltSettings config.
2025.12.10 16:31:40 Config.load INFO: Loading CharSettings config.
2025.12.10 16:31:40 Config.load INFO: Loading PcCommandSettings config.
2025.12.10 16:31:40 HikariDataSource.<init> INFO: L1JDatabasePool - Starting...
2025.12.10 16:31:40 HikariDataSource.<init> INFO: L1JDatabasePool - Start completed.
2025.12.10 16:31:40 L1DatabaseFactory.<init> INFO: HikariCP Database Connection Pool initialized successfully
2025.12.10 16:31:40 GameServer.initialize INFO: =================================================
2025.12.10 16:31:40 GameServer.initialize INFO:                L1J-En Server Starting
2025.12.10 16:31:40 GameServer.initialize INFO: =================================================
2025.12.10 16:31:40 GameServer.initialize INFO: Thread Lock Detection running
2025.12.10 16:31:40 GameServerThread.<init> INFO: HP-REGEN RATE              = 2.0
2025.12.10 16:31:40 GameServerThread.<init> INFO: MP-REGEN RATE              = 1.0
2025.12.10 16:31:40 GameServerThread.<init> INFO: HP-CASTLE RATE             = 5.0
2025.12.10 16:31:40 GameServerThread.<init> INFO: MP-CASTLE RATE             = 3.0
2025.12.10 16:31:40 GameServerThread.<init> INFO: HP-HOUSE RATE              = 5.0
2025.12.10 16:31:40 GameServerThread.<init> INFO: MP-HOUSE RATE              = 3.0
2025.12.10 16:31:40 GameServerThread.<init> INFO: HP-HOTEL RATE              = 5.0
2025.12.10 16:31:40 GameServerThread.<init> INFO: MP-HOTEL RATE              = 3.0
2025.12.10 16:31:40 GameServerThread.<init> INFO: HP-MOTHERTREE RATE         = 5.0
2025.12.10 16:31:40 GameServerThread.<init> INFO: MP-MOTHERTREE RATE         = 3.0
2025.12.10 16:31:40 GameServerThread.<init> INFO: HP-ILLUSIONISTTOWN RATE    = 5.0
2025.12.10 16:31:40 GameServerThread.<init> INFO: MP-ILLUSIONISTTOWN RATE    = 3.0
2025.12.10 16:31:40 GameServerThread.<init> INFO: HP-DRAGONKNIGHTTOWN RATE   = 5.0
2025.12.10 16:31:40 GameServerThread.<init> INFO: MP-DRAGONKNIGHTTOWN RATE   = 3.0
2025.12.10 16:31:40 GameServerThread.<init> INFO: PartyExp RATE              = 1.0
2025.12.10 16:31:40 GameServerThread.<init> INFO: PetExp RATE                = 1.0
2025.12.10 16:31:40 GameServerThread.<init> INFO: XP RATE                    = 1.0
2025.12.10 16:31:40 GameServerThread.<init> INFO: Lawful RATE                = 1.0
2025.12.10 16:31:40 GameServerThread.<init> INFO: Karma RATE                 = 1.0
2025.12.10 16:31:40 GameServerThread.<init> INFO: Drop RATE                  = 1.0
2025.12.10 16:31:40 GameServerThread.<init> INFO: Adena RATE                 = 1.0
2025.12.10 16:31:40 GameServerThread.<init> INFO: EnchantWeapon Change       = 1%
2025.12.10 16:31:40 GameServerThread.<init> INFO: EnchantArmor Change        = 1%
2025.12.10 16:31:40 GameServerThread.<init> INFO: AttrEnchant Change         = 10%
2025.12.10 16:31:40 GameServerThread.<init> INFO: Global Chat LvL            = 30
2025.12.10 16:31:40 GameServerThread.<init> INFO: Whisper Chat LvL           = 5
2025.12.10 16:31:40 GameServerThread.<init> INFO: PvP                        = On
2025.12.10 16:31:40 Announcecycle.readFromDiskmulti INFO: IngameNews Messages        = 1
2025.12.10 16:31:40 GameServerThread.<init> INFO: IngameNews                 = On
2025.12.10 16:31:40 GameServerThread.<init> INFO: Max online users           = 30
2025.12.10 16:31:40 IdFactory.loadState INFO: IDFactory current max ID   = 268435456
2025.12.10 16:31:40 L1WorldMap.<init> INFO: Loading Map...
2025.12.10 16:31:40 MapsTable.loadMapsFromDatabase INFO: Maps 545
2025.12.10 16:31:49 L1WorldMap.<init> INFO:             OK!     9004ms
2025.12.10 16:31:49 AccessLevelTable.fillAccessTable INFO: Access Levels: 4 Loaded
2025.12.10 16:31:49 UBTable.loadTable INFO: UB List: 5 Loaded
2025.12.10 16:31:49 CheckWarTime.loadCheckWarTimeFromDatabase INFO: CheckWarTime 8
2025.12.10 16:31:49 Announcements.readFromDisk INFO: Notification 3 read.
2025.12.10 16:31:49 RankingsController.run INFO: Rankings Updated. Runtime: 47ms
2025.12.10 16:31:49 SpawnTable.<init> INFO: Spawning Mob...
2025.12.10 16:31:50 MobGroupTable.loadMobGroup INFO: Mob Group Lists: 94 loaded.
2025.12.10 16:31:50 SpawnTable.<init> INFO: Monster placement list: 11772 Loaded
2025.12.10 16:31:50 SpawnTable.<init> INFO:            OK!     317ms
2025.12.10 16:31:50 PolyTable.fillPolyTable INFO: Polymorphs List: 241 Loaded
2025.12.10 16:31:50 DropItemTable.loadMapsFromDatabase INFO: drop_item 76
2025.12.10 16:31:50 NPCTalkDataTable.parseList INFO: NPC Action List: 1122 Loaded
2025.12.10 16:31:50 NpcSpawnTable.fillNpcSpawnTable INFO: NPC Placement list: 1963 loaded
2025.12.10 16:31:50 UBSpawnTable.loadSpawnTable INFO: UB Spawn list: 1114 Loaded
2025.12.10 16:31:50 WeaponSkillTable.fillWeaponSkillTable INFO: List of weapons skills: 18 Loaded
2025.12.10 16:31:50 NpcActionTable.load INFO: Loading NPCAction...
2025.12.10 16:31:50 NpcActionTable.load INFO:       OK!     265ms
2025.12.10 16:31:50 L1BossCycle.load INFO: Loading Boss Cycle...
2025.12.10 16:31:51 L1BossCycle.load INFO:      OK!     323ms
2025.12.10 16:31:51 L1TreasureBox.load INFO: loading TreasureBox...
2025.12.10 16:31:51 L1TreasureBox.load INFO:     OK!     59ms
2025.12.10 16:31:51 SprTable.loadSprAction INFO: SPR entries 2593 loaded.
2025.12.10 16:31:51 ResolventTable.loadMapsFromDatabase INFO: resolvent 302
2025.12.10 16:31:51 GameServerThread.<init> INFO: Database tables loaded successfully!
2025.12.10 16:31:51 Server.main INFO: Telnet server is currently disabled.
2025.12.10 16:31:51 NetworkServer.run INFO: Starting networking
2025.12.10 17:00:00 HomeTownTimeController.dailyProc INFO: Running daily update for tax and sales money.
2025.12.10 17:31:49 RankingsController.run INFO: Rankings Updated. Runtime: 7ms
