2025.12.10 15:23:31 Config.load INFO: Loading GameServer config.
2025.12.10 15:23:31 Config.load INFO: Loading Rates config.
2025.12.10 15:23:31 Config.load INFO: Loading AltSettings config.
2025.12.10 15:23:31 Config.load INFO: Loading CharSettings config.
2025.12.10 15:23:31 Config.load INFO: Loading PcCommandSettings config.
2025.12.10 15:23:31 HikariDataSource.<init> INFO: L1JDatabasePool - Starting...
2025.12.10 15:23:32 HikariPool.throwPoolInitializationException SEVERE: L1JDatabasePool - Exception during pool initialization.
2025.12.10 15:23:32 java.sql.SQLSyntaxErrorException: Could not connect to address=(host=localhost)(port=3306)(type=master) : Unknown database 'l1jdb3'
	at org.mariadb.jdbc.internal.util.exceptions.ExceptionMapper.get(ExceptionMapper.java:243)
	at org.mariadb.jdbc.internal.protocol.AbstractConnectProtocol.connectWithoutProxy(AbstractConnectProtocol.java:1241)
	at org.mariadb.jdbc.internal.util.Utils.retrieveProxy(Utils.java:610)
	at org.mariadb.jdbc.MariaDbConnection.newConnection(MariaDbConnection.java:142)
	at org.mariadb.jdbc.Driver.connect(Driver.java:86)
	at com.zaxxer.hikari.util.DriverDataSource.getConnection(DriverDataSource.java:138)
	at com.zaxxer.hikari.pool.PoolBase.newConnection(PoolBase.java:354)
	at com.zaxxer.hikari.pool.PoolBase.newPoolEntry(PoolBase.java:202)
	at com.zaxxer.hikari.pool.HikariPool.createPoolEntry(HikariPool.java:473)
	at com.zaxxer.hikari.pool.HikariPool.checkFailFast(HikariPool.java:554)
	at com.zaxxer.hikari.pool.HikariPool.<init>(HikariPool.java:115)
	at com.zaxxer.hikari.HikariDataSource.<init>(HikariDataSource.java:81)
	at l1j.server.L1DatabaseFactory.<init>(L1DatabaseFactory.java:91)
	at l1j.server.L1DatabaseFactory.getInstance(L1DatabaseFactory.java:119)
	at l1j.server.Server.main(Server.java:70)
Caused by: java.sql.SQLException: Unknown database 'l1jdb3'
	at org.mariadb.jdbc.internal.protocol.AbstractConnectProtocol.authenticationHandler(AbstractConnectProtocol.java:729)
	at org.mariadb.jdbc.internal.protocol.AbstractConnectProtocol.createConnection(AbstractConnectProtocol.java:507)
	at org.mariadb.jdbc.internal.protocol.AbstractConnectProtocol.connectWithoutProxy(AbstractConnectProtocol.java:1236)
	... 13 more

2025.12.10 15:23:32 L1DatabaseFactory.<init> SEVERE: Database Connection FAILED
2025.12.10 15:23:32 com.zaxxer.hikari.pool.HikariPool$PoolInitializationException: Failed to initialize pool: Could not connect to address=(host=localhost)(port=3306)(type=master) : Unknown database 'l1jdb3'
	at com.zaxxer.hikari.pool.HikariPool.throwPoolInitializationException(HikariPool.java:589)
	at com.zaxxer.hikari.pool.HikariPool.checkFailFast(HikariPool.java:575)
	at com.zaxxer.hikari.pool.HikariPool.<init>(HikariPool.java:115)
	at com.zaxxer.hikari.HikariDataSource.<init>(HikariDataSource.java:81)
	at l1j.server.L1DatabaseFactory.<init>(L1DatabaseFactory.java:91)
	at l1j.server.L1DatabaseFactory.getInstance(L1DatabaseFactory.java:119)
	at l1j.server.Server.main(Server.java:70)
Caused by: java.sql.SQLSyntaxErrorException: Could not connect to address=(host=localhost)(port=3306)(type=master) : Unknown database 'l1jdb3'
	at org.mariadb.jdbc.internal.util.exceptions.ExceptionMapper.get(ExceptionMapper.java:243)
	at org.mariadb.jdbc.internal.protocol.AbstractConnectProtocol.connectWithoutProxy(AbstractConnectProtocol.java:1241)
	at org.mariadb.jdbc.internal.util.Utils.retrieveProxy(Utils.java:610)
	at org.mariadb.jdbc.MariaDbConnection.newConnection(MariaDbConnection.java:142)
	at org.mariadb.jdbc.Driver.connect(Driver.java:86)
	at com.zaxxer.hikari.util.DriverDataSource.getConnection(DriverDataSource.java:138)
	at com.zaxxer.hikari.pool.PoolBase.newConnection(PoolBase.java:354)
	at com.zaxxer.hikari.pool.PoolBase.newPoolEntry(PoolBase.java:202)
	at com.zaxxer.hikari.pool.HikariPool.createPoolEntry(HikariPool.java:473)
	at com.zaxxer.hikari.pool.HikariPool.checkFailFast(HikariPool.java:554)
	... 5 more
Caused by: java.sql.SQLException: Unknown database 'l1jdb3'
	at org.mariadb.jdbc.internal.protocol.AbstractConnectProtocol.authenticationHandler(AbstractConnectProtocol.java:729)
	at org.mariadb.jdbc.internal.protocol.AbstractConnectProtocol.createConnection(AbstractConnectProtocol.java:507)
	at org.mariadb.jdbc.internal.protocol.AbstractConnectProtocol.connectWithoutProxy(AbstractConnectProtocol.java:1236)
	... 13 more

